Analysis & Synthesis report for GameBooster
Sat Jun 29 20:14:36 2024
Quartus Prime Version 21.1.1 Build 850 06/23/2022 SJ Lite Edition


---------------------
; Table of Contents ;
---------------------
  1. Legal Notice
  2. Analysis & Synthesis Summary
  3. Analysis & Synthesis Settings
  4. Parallel Compilation
  5. Analysis & Synthesis Source Files Read
  6. Analysis & Synthesis Resource Usage Summary
  7. Analysis & Synthesis Resource Utilization by Entity
  8. State Machine - |GameBooster|data_out_state
  9. State Machine - |GameBooster|one_low_state
 10. State Machine - |GameBooster|data_state
 11. Registers Removed During Synthesis
 12. General Register Statistics
 13. Inverted Register Statistics
 14. Multiplexer Restructuring Statistics (Restructuring Performed)
 15. Analysis & Synthesis Messages
 16. Analysis & Synthesis Suppressed Messages



----------------
; Legal Notice ;
----------------
Copyright (C) 2022  Intel Corporation. All rights reserved.
Your use of Intel Corporation's design tools, logic functions 
and other software and tools, and any partner logic 
functions, and any output files from any of the foregoing 
(including device programming or simulation files), and any 
associated documentation or information are expressly subject 
to the terms and conditions of the Intel Program License 
Subscription Agreement, the Intel Quartus Prime License Agreement,
the Intel FPGA IP License Agreement, or other applicable license
agreement, including, without limitation, that your use is for
the sole purpose of programming logic devices manufactured by
Intel and sold by Intel or its authorized distributors.  Please
refer to the applicable agreement for further details, at
https://fpgasoftware.intel.com/eula.



+---------------------------------------------------------------------------+
; Analysis & Synthesis Summary                                              ;
+-----------------------------+---------------------------------------------+
; Analysis & Synthesis Status ; Successful - Sat Jun 29 20:14:36 2024       ;
; Quartus Prime Version       ; 21.1.1 Build 850 06/23/2022 SJ Lite Edition ;
; Revision Name               ; GameBooster                                 ;
; Top-level Entity Name       ; GameBooster                                 ;
; Family                      ; MAX II                                      ;
; Total logic elements        ; 300                                         ;
; Total pins                  ; 58                                          ;
; Total virtual pins          ; 0                                           ;
; UFM blocks                  ; 0 / 1 ( 0 % )                               ;
+-----------------------------+---------------------------------------------+


+------------------------------------------------------------------------------------------------------------+
; Analysis & Synthesis Settings                                                                              ;
+------------------------------------------------------------------+--------------------+--------------------+
; Option                                                           ; Setting            ; Default Value      ;
+------------------------------------------------------------------+--------------------+--------------------+
; Device                                                           ; EPM570T100C5       ;                    ;
; Top-level entity name                                            ; GameBooster        ; GameBooster        ;
; Family name                                                      ; MAX II             ; Cyclone V          ;
; Use smart compilation                                            ; Off                ; Off                ;
; Enable parallel Assembler and Timing Analyzer during compilation ; On                 ; On                 ;
; Enable compact report table                                      ; Off                ; Off                ;
; Restructure Multiplexers                                         ; Auto               ; Auto               ;
; Create Debugging Nodes for IP Cores                              ; Off                ; Off                ;
; Preserve fewer node names                                        ; On                 ; On                 ;
; Intel FPGA IP Evaluation Mode                                    ; Enable             ; Enable             ;
; Verilog Version                                                  ; Verilog_2001       ; Verilog_2001       ;
; VHDL Version                                                     ; VHDL_1993          ; VHDL_1993          ;
; State Machine Processing                                         ; Auto               ; Auto               ;
; Safe State Machine                                               ; Off                ; Off                ;
; Extract Verilog State Machines                                   ; On                 ; On                 ;
; Extract VHDL State Machines                                      ; On                 ; On                 ;
; Ignore Verilog initial constructs                                ; Off                ; Off                ;
; Iteration limit for constant Verilog loops                       ; 5000               ; 5000               ;
; Iteration limit for non-constant Verilog loops                   ; 250                ; 250                ;
; Add Pass-Through Logic to Inferred RAMs                          ; On                 ; On                 ;
; Infer RAMs from Raw Logic                                        ; On                 ; On                 ;
; Parallel Synthesis                                               ; On                 ; On                 ;
; NOT Gate Push-Back                                               ; On                 ; On                 ;
; Power-Up Don't Care                                              ; On                 ; On                 ;
; Remove Redundant Logic Cells                                     ; Off                ; Off                ;
; Remove Duplicate Registers                                       ; On                 ; On                 ;
; Ignore CARRY Buffers                                             ; Off                ; Off                ;
; Ignore CASCADE Buffers                                           ; Off                ; Off                ;
; Ignore GLOBAL Buffers                                            ; Off                ; Off                ;
; Ignore ROW GLOBAL Buffers                                        ; Off                ; Off                ;
; Ignore LCELL Buffers                                             ; Off                ; Off                ;
; Ignore SOFT Buffers                                              ; On                 ; On                 ;
; Limit AHDL Integers to 32 Bits                                   ; Off                ; Off                ;
; Optimization Technique                                           ; Balanced           ; Balanced           ;
; Carry Chain Length                                               ; 70                 ; 70                 ;
; Auto Carry Chains                                                ; On                 ; On                 ;
; Auto Open-Drain Pins                                             ; On                 ; On                 ;
; Perform WYSIWYG Primitive Resynthesis                            ; Off                ; Off                ;
; Auto Shift Register Replacement                                  ; Auto               ; Auto               ;
; Allow Shift Register Merging across Hierarchies                  ; Auto               ; Auto               ;
; Auto Clock Enable Replacement                                    ; On                 ; On                 ;
; Allow Synchronous Control Signals                                ; On                 ; On                 ;
; Force Use of Synchronous Clear Signals                           ; Off                ; Off                ;
; Auto Resource Sharing                                            ; Off                ; Off                ;
; Use LogicLock Constraints during Resource Balancing              ; On                 ; On                 ;
; Ignore translate_off and synthesis_off directives                ; Off                ; Off                ;
; Report Parameter Settings                                        ; On                 ; On                 ;
; Report Source Assignments                                        ; On                 ; On                 ;
; Report Connectivity Checks                                       ; On                 ; On                 ;
; Ignore Maximum Fan-Out Assignments                               ; Off                ; Off                ;
; Synchronization Register Chain Length                            ; 2                  ; 2                  ;
; Power Optimization During Synthesis                              ; Normal compilation ; Normal compilation ;
; HDL message level                                                ; Level2             ; Level2             ;
; Suppress Register Optimization Related Messages                  ; Off                ; Off                ;
; Number of Removed Registers Reported in Synthesis Report         ; 5000               ; 5000               ;
; Number of Swept Nodes Reported in Synthesis Report               ; 5000               ; 5000               ;
; Number of Inverted Registers Reported in Synthesis Report        ; 100                ; 100                ;
; Clock MUX Protection                                             ; On                 ; On                 ;
; Block Design Naming                                              ; Auto               ; Auto               ;
; Synthesis Effort                                                 ; Auto               ; Auto               ;
; Shift Register Replacement - Allow Asynchronous Clear Signal     ; On                 ; On                 ;
; Analysis & Synthesis Message Level                               ; Medium             ; Medium             ;
; Disable Register Merging Across Hierarchies                      ; Auto               ; Auto               ;
+------------------------------------------------------------------+--------------------+--------------------+


+------------------------------------------+
; Parallel Compilation                     ;
+----------------------------+-------------+
; Processors                 ; Number      ;
+----------------------------+-------------+
; Number detected on machine ; 12          ;
; Maximum allowed            ; 6           ;
;                            ;             ;
; Average used               ; 1.00        ;
; Maximum used               ; 1           ;
;                            ;             ;
; Usage by Processor         ; % Time Used ;
;     Processor 1            ; 100.0%      ;
+----------------------------+-------------+


+----------------------------------------------------------------------------------------------------------------------------------------------------------------------------------------------------------+
; Analysis & Synthesis Source Files Read                                                                                                                                                                   ;
+----------------------------------+-----------------+------------------------+------------------------------------------------------------------------------------------------------------------+---------+
; File Name with User-Entered Path ; Used in Netlist ; File Type              ; File Name with Absolute Path                                                                                     ; Library ;
+----------------------------------+-----------------+------------------------+------------------------------------------------------------------------------------------------------------------+---------+
; GameBooster.v                    ; yes             ; User Verilog HDL File  ; C:/Users/Richard/Desktop/Desktop/GS AR Rom Dumps/REF1256 Datel Game Booster/REF1256 Altera/Verilog/GameBooster.v ;         ;
+----------------------------------+-----------------+------------------------+------------------------------------------------------------------------------------------------------------------+---------+


+-----------------------------------------------------+
; Analysis & Synthesis Resource Usage Summary         ;
+---------------------------------------------+-------+
; Resource                                    ; Usage ;
+---------------------------------------------+-------+
; Total logic elements                        ; 300   ;
;     -- Combinational with no register       ; 133   ;
;     -- Register only                        ; 73    ;
;     -- Combinational with a register        ; 94    ;
;                                             ;       ;
; Logic element usage by number of LUT inputs ;       ;
;     -- 4 input functions                    ; 100   ;
;     -- 3 input functions                    ; 55    ;
;     -- 2 input functions                    ; 63    ;
;     -- 1 input functions                    ; 8     ;
;     -- 0 input functions                    ; 1     ;
;                                             ;       ;
; Logic elements by mode                      ;       ;
;     -- normal mode                          ; 252   ;
;     -- arithmetic mode                      ; 48    ;
;     -- qfbk mode                            ; 0     ;
;     -- register cascade mode                ; 0     ;
;     -- synchronous clear/load mode          ; 13    ;
;     -- asynchronous clear/load mode         ; 0     ;
;                                             ;       ;
; Total registers                             ; 167   ;
; Total logic cells in carry chains           ; 51    ;
; I/O pins                                    ; 58    ;
; Maximum fan-out node                        ; clk   ;
; Maximum fan-out                             ; 167   ;
; Total fan-out                               ; 1121  ;
; Average fan-out                             ; 3.13  ;
+---------------------------------------------+-------+


+------------------------------------------------------------------------------------------------------------------------------------------------------------------------------------------------------------------------------------+
; Analysis & Synthesis Resource Utilization by Entity                                                                                                                                                                                ;
+----------------------------+-------------+--------------+------------+------+--------------+--------------+-------------------+------------------+-----------------+------------+---------------------+-------------+--------------+
; Compilation Hierarchy Node ; Logic Cells ; LC Registers ; UFM Blocks ; Pins ; Virtual Pins ; LUT-Only LCs ; Register-Only LCs ; LUT/Register LCs ; Carry Chain LCs ; Packed LCs ; Full Hierarchy Name ; Entity Name ; Library Name ;
+----------------------------+-------------+--------------+------------+------+--------------+--------------+-------------------+------------------+-----------------+------------+---------------------+-------------+--------------+
; |GameBooster               ; 300 (300)   ; 167          ; 0          ; 58   ; 0            ; 133 (133)    ; 73 (73)           ; 94 (94)          ; 51 (51)         ; 0 (0)      ; |GameBooster        ; GameBooster ; work         ;
+----------------------------+-------------+--------------+------------+------+--------------+--------------+-------------------+------------------+-----------------+------------+---------------------+-------------+--------------+
Note: For table entries with two numbers listed, the numbers in parentheses indicate the number of resources of the given type used by the specific entity alone. The numbers listed outside of parentheses indicate the total resources of the given type used by the specific entity and all of its sub-entities in the hierarchy.


Encoding Type:  One-Hot
+-------------------------------------------------------------+
; State Machine - |GameBooster|data_out_state                 ;
+-------------------------------+-----------------------------+
; Name                          ; data_out_state.DATA_OUT_END ;
+-------------------------------+-----------------------------+
; data_out_state.DATA_OUT_START ; 0                           ;
; data_out_state.DATA_OUT_END   ; 1                           ;
+-------------------------------+-----------------------------+


Encoding Type:  One-Hot
+---------------------------------------------------------------------------------------------------------------------+
; State Machine - |GameBooster|one_low_state                                                                          ;
+-----------------------------+-----------------------------+-----------------------------+---------------------------+
; Name                        ; one_low_state.ONE_LOW_START ; one_low_state.ONE_LOW_RESET ; one_low_state.ONE_LOW_END ;
+-----------------------------+-----------------------------+-----------------------------+---------------------------+
; one_low_state.ONE_LOW_START ; 0                           ; 0                           ; 0                         ;
; one_low_state.ONE_LOW_END   ; 1                           ; 0                           ; 1                         ;
; one_low_state.ONE_LOW_RESET ; 1                           ; 1                           ; 0                         ;
+-----------------------------+-----------------------------+-----------------------------+---------------------------+


Encoding Type:  One-Hot
+---------------------------------------------+
; State Machine - |GameBooster|data_state     ;
+-----------------------+---------------------+
; Name                  ; data_state.DATA_END ;
+-----------------------+---------------------+
; data_state.DATA_START ; 0                   ;
; data_state.DATA_END   ; 1                   ;
+-----------------------+---------------------+


+---------------------------------------------------------------------------------+
; Registers Removed During Synthesis                                              ;
+----------------------------------------+----------------------------------------+
; Register name                          ; Reason for Removal                     ;
+----------------------------------------+----------------------------------------+
; data2[4,6,13,14]                       ; Merged with data2[8]                   ;
; data1[8]                               ; Merged with data2[8]                   ;
; data2[1,3,5,9,10,15]                   ; Merged with data2[8]                   ;
; data1[5,7,9,11,13]                     ; Merged with data2[8]                   ;
; data2[7]                               ; Merged with data2[8]                   ;
; data1[1,4,15]                          ; Merged with data2[8]                   ;
; data2[0,11]                            ; Merged with data2[8]                   ;
; data1[3]                               ; Merged with data2[8]                   ;
; data2[2,12]                            ; Merged with data2[8]                   ;
; data1[6,10,14]                         ; Merged with data1[0]                   ;
; data1[12]                              ; Merged with data1[2]                   ;
; r_write                                ; Merged with write_stat[0]              ;
; r_ad[9]                                ; Merged with r_ad[7]                    ;
; r_ad[11,13,15]                         ; Merged with r_ad[8]                    ;
; data2[8]                               ; Stuck at GND due to stuck port data_in ;
; data_out_state~5                       ; Lost fanout                            ;
; data_out_state~6                       ; Lost fanout                            ;
; one_low_state~7                        ; Lost fanout                            ;
; data_state~5                           ; Lost fanout                            ;
; data_state~6                           ; Lost fanout                            ;
; Total Number of Removed Registers = 40 ;                                        ;
+----------------------------------------+----------------------------------------+


+------------------------------------------------------+
; General Register Statistics                          ;
+----------------------------------------------+-------+
; Statistic                                    ; Value ;
+----------------------------------------------+-------+
; Total registers                              ; 167   ;
; Number of registers using Synchronous Clear  ; 13    ;
; Number of registers using Synchronous Load   ; 0     ;
; Number of registers using Asynchronous Clear ; 0     ;
; Number of registers using Asynchronous Load  ; 0     ;
; Number of registers using Clock Enable       ; 109   ;
; Number of registers using Preset             ; 0     ;
+----------------------------------------------+-------+


+---------------------------------------------------+
; Inverted Register Statistics                      ;
+-----------------------------------------+---------+
; Inverted Register                       ; Fan out ;
+-----------------------------------------+---------+
; r_sst_ce                                ; 1       ;
; r_sst_oe                                ; 1       ;
; first_boot                              ; 9       ;
; write_stat[0]                           ; 4       ;
; r_read                                  ; 2       ;
; r_button[16]                            ; 2       ;
; r_button[17]                            ; 2       ;
; r_button[18]                            ; 2       ;
; r_button[19]                            ; 1       ;
; r_button[0]                             ; 2       ;
; r_button[1]                             ; 2       ;
; r_button[2]                             ; 2       ;
; r_button[3]                             ; 2       ;
; r_button[4]                             ; 2       ;
; r_button[5]                             ; 2       ;
; r_button[6]                             ; 2       ;
; r_button[7]                             ; 2       ;
; r_button[8]                             ; 2       ;
; r_button[9]                             ; 2       ;
; r_button[10]                            ; 2       ;
; r_button[11]                            ; 2       ;
; r_button[12]                            ; 2       ;
; r_button[13]                            ; 2       ;
; r_button[14]                            ; 2       ;
; r_button[15]                            ; 2       ;
; Total number of inverted registers = 25 ;         ;
+-----------------------------------------+---------+


+----------------------------------------------------------------------------------------------------------------------------------------------+
; Multiplexer Restructuring Statistics (Restructuring Performed)                                                                               ;
+--------------------+-----------+---------------+----------------------+------------------------+------------+--------------------------------+
; Multiplexer Inputs ; Bus Width ; Baseline Area ; Area if Restructured ; Saving if Restructured ; Registered ; Example Multiplexer Output     ;
+--------------------+-----------+---------------+----------------------+------------------------+------------+--------------------------------+
; 3:1                ; 2 bits    ; 4 LEs         ; 2 LEs                ; 2 LEs                  ; Yes        ; |GameBooster|data1[0]          ;
; 3:1                ; 13 bits   ; 26 LEs        ; 13 LEs               ; 13 LEs                 ; Yes        ; |GameBooster|addr_increment[5] ;
; 4:1                ; 2 bits    ; 4 LEs         ; 2 LEs                ; 2 LEs                  ; Yes        ; |GameBooster|r_cp              ;
; 9:1                ; 19 bits   ; 114 LEs       ; 38 LEs               ; 76 LEs                 ; Yes        ; |GameBooster|r_sst[8]          ;
; 6:1                ; 2 bits    ; 8 LEs         ; 4 LEs                ; 4 LEs                  ; Yes        ; |GameBooster|r_ad[7]           ;
; 6:1                ; 4 bits    ; 16 LEs        ; 8 LEs                ; 8 LEs                  ; Yes        ; |GameBooster|r_ad[4]           ;
; 6:1                ; 2 bits    ; 8 LEs         ; 6 LEs                ; 2 LEs                  ; Yes        ; |GameBooster|r_ad[12]          ;
; 6:1                ; 3 bits    ; 12 LEs        ; 6 LEs                ; 6 LEs                  ; Yes        ; |GameBooster|r_ad[0]           ;
; 4:1                ; 2 bits    ; 4 LEs         ; 4 LEs                ; 0 LEs                  ; No         ; |GameBooster|one_low_state     ;
+--------------------+-----------+---------------+----------------------+------------------------+------------+--------------------------------+


+-------------------------------+
; Analysis & Synthesis Messages ;
+-------------------------------+
Info: *******************************************************************
Info: Running Quartus Prime Analysis & Synthesis
    Info: Version 21.1.1 Build 850 06/23/2022 SJ Lite Edition
    Info: Processing started: Sat Jun 29 20:14:24 2024
Info: Command: quartus_map --read_settings_files=on --write_settings_files=off GameBooster -c GameBooster
Warning (18236): Number of processors has not been specified which may cause overloading on shared machines.  Set the global assignment NUM_PARALLEL_PROCESSORS in your QSF to an appropriate value for best performance.
Info (20030): Parallel compilation is enabled and will use 6 of the 6 processors detected
Info (12021): Found 1 design units, including 1 entities, in source file gamebooster.v
    Info (12023): Found entity 1: GameBooster File: C:/Users/Richard/Desktop/Desktop/GS AR Rom Dumps/REF1256 Datel Game Booster/REF1256 Altera/Verilog/GameBooster.v Line: 1
Info (12127): Elaborating entity "GameBooster" for the top level hierarchy
Info (17049): 5 registers lost all their fanouts during netlist optimizations.
Warning (21074): Design contains 1 input pin(s) that do not drive logic
    Warning (15610): No output dependent on input pin "cold_reset" File: C:/Users/Richard/Desktop/Desktop/GS AR Rom Dumps/REF1256 Datel Game Booster/REF1256 Altera/Verilog/GameBooster.v Line: 10
Info (21057): Implemented 358 device resources after synthesis - the final resource count might be different
    Info (21058): Implemented 14 input pins
    Info (21059): Implemented 28 output pins
    Info (21060): Implemented 16 bidirectional pins
    Info (21061): Implemented 300 logic cells
Info (144001): Generated suppressed messages file C:/Users/Richard/Desktop/Desktop/GS AR Rom Dumps/REF1256 Datel Game Booster/REF1256 Altera/Verilog/output_files/GameBooster.map.smsg
Info: Quartus Prime Analysis & Synthesis was successful. 0 errors, 3 warnings
    Info: Peak virtual memory: 4718 megabytes
    Info: Processing ended: Sat Jun 29 20:14:36 2024
    Info: Elapsed time: 00:00:12
    Info: Total CPU time (on all processors): 00:00:14


+------------------------------------------+
; Analysis & Synthesis Suppressed Messages ;
+------------------------------------------+
The suppressed messages can be found in C:/Users/Richard/Desktop/Desktop/GS AR Rom Dumps/REF1256 Datel Game Booster/REF1256 Altera/Verilog/output_files/GameBooster.map.smsg.


